<?xml version="1.0" encoding="UTF-8"?>
<testng-results ignored="0" total="2" passed="2" failed="0" skipped="0">
  <reporter-output>
  </reporter-output>
  <suite started-at="2024-04-28T00:48:12 EDT" name="Default suite" finished-at="2024-04-28T00:48:49 EDT" duration-ms="36794">
    <groups>
    </groups>
    <test started-at="2024-04-28T00:48:12 EDT" name="Default test" finished-at="2024-04-28T00:48:49 EDT" duration-ms="36794">
      <class name="trainingtech.sessions.Signkh">
        <test-method is-config="true" signature="beforeMethod()[pri:0, instance:trainingtech.sessions.Signkh@52719fb6]" started-at="2024-04-28T00:48:12 EDT" name="beforeMethod" finished-at="2024-04-28T00:48:20 EDT" duration-ms="8300" status="PASS">
          <reporter-output>
          </reporter-output>
        </test-method> <!-- beforeMethod -->
        <test-method signature="f()[pri:0, instance:trainingtech.sessions.Signkh@52719fb6]" started-at="2024-04-28T00:48:20 EDT" name="f" finished-at="2024-04-28T00:48:29 EDT" duration-ms="8374" status="PASS">
          <reporter-output>
          </reporter-output>
        </test-method> <!-- f -->
        <test-method is-config="true" signature="afterMethod()[pri:0, instance:trainingtech.sessions.Signkh@52719fb6]" started-at="2024-04-28T00:48:29 EDT" name="afterMethod" finished-at="2024-04-28T00:48:36 EDT" duration-ms="7205" status="PASS">
          <reporter-output>
          </reporter-output>
        </test-method> <!-- afterMethod -->
        <test-method is-config="true" signature="beforeMethod()[pri:0, instance:trainingtech.sessions.Signkh@52719fb6]" started-at="2024-04-28T00:48:36 EDT" name="beforeMethod" finished-at="2024-04-28T00:48:41 EDT" duration-ms="4807" status="PASS">
          <reporter-output>
          </reporter-output>
        </test-method> <!-- beforeMethod -->
        <test-method signature="CreateAnAccount()[pri:2, instance:trainingtech.sessions.Signkh@52719fb6]" started-at="2024-04-28T00:48:41 EDT" name="CreateAnAccount" finished-at="2024-04-28T00:48:42 EDT" depends-on-methods="trainingtech.sessions.Signkh.f" duration-ms="753" status="PASS">
          <reporter-output>
          </reporter-output>
        </test-method> <!-- CreateAnAccount -->
        <test-method is-config="true" signature="afterMethod()[pri:0, instance:trainingtech.sessions.Signkh@52719fb6]" started-at="2024-04-28T00:48:42 EDT" name="afterMethod" finished-at="2024-04-28T00:48:49 EDT" duration-ms="7269" status="PASS">
          <reporter-output>
          </reporter-output>
        </test-method> <!-- afterMethod -->
      </class> <!-- trainingtech.sessions.Signkh -->
    </test> <!-- Default test -->
  </suite> <!-- Default suite -->
</testng-results>
